99	do
199	brain
299	efficient,
399	followed
499	""secular
599	""enough
699	scandals
799	messages.
899	""quiones
999	permits,
1099	liquid
1199	reg.
1299	pregnancies."
1399	interrogation
1499	gutted
1599	off--too
1699	agribusiness,
1799	federally-managed
1899	chairs.
1999	removing
2099	destroying
2199	108th
2299	disclosure-form
2399	photos.
2499	predicts
2599	measurements.
2699	god
2799	""95
2899	predictions.
2999	"""what
3099	@barackobama
3199	millionaires.
3299	bodies
3399	punishment,
3499	straits.
3599	croons
3699	""teacher
3799	rove's
3899	repayment/financing
3999	suttons
4099	twitter
4199	republicans,
4299	investors
4399	aftermath
4499	fat
4599	intends
4699	they
4799	vehicles""
4899	""debate
4999	century
5099	huber
5199	""voted,
5299	hinckley's
5399	busiest
5499	paradox
5599	slightly,
5699	stern's
5799	offices."
5899	(here's
5999	""then,
6099	lowballed:
6199	dropouts.
6299	investigative
6399	municipality
6499	29,
6599	forgotten."
6699	turnout""
6799	cause.
6899	"lincoln
6999	demanded
7099	brands
7199	tofederal
7299	rose's
7399	operatives
7499	uncomfortable
7599	recommends
7699	desist""
7799	i.
7899	""crists
7999	chomsky,
8099	include
8199	loyal
8299	race,
8399	"stephen
8499	""yea""
8599	fallin
8699	vouchers,""
8799	carroll's
8899	hooper,
8999	""hundreds
9099	prudent
9199	patents,
9299	aviva
9399	notified.
9499	weird
9599	roy,
9699	budgets.
9799	yesteryear
9899	""houston
9999	redrawing
10099	doing,
10199	greenback.
10299	91%
10399	sensational
10499	scutaris
10599	""depetro
10699	existed
10799	e-mails.
10899	extreme""
10999	proving
11099	cleaned
11199	misspeaks
11299	one-sided
11399	pepper
11499	chock-full
11599	predecessors,
11699	fervor
11799	quickly."
11899	cheese."
11999	anti-abortion."
12099	bill?but
12199	solved."
12299	us2010
12399	transform:
12499	deployments,
12599	gallardo,
12699	withundocumented
12799	squandered
12899	book
12999	institutional
13099	gauges
13199	because""
13299	carrboro
13399	baboons,
13499	motivations,
13599	bread-and-butter
13699	permissive
13799	intercept
13899	origin
13999	variables
14099	risen
14199	post-state
14299	sasha,
14399	showthat
14499	"""none
14599	knock
14699	age."
14799	resources
14899	marks,
14999	ppps
15099	stimulus""
15199	chaired."
15299	editing.
15399	periods,
15499	representatives.
15599	hhs.
15699	approve.
15799	623
15899	thumbs
15999	aa-
16099	massacre.
16199	mcrae,
16299	clowards
16399	party.
16499	veered
16599	1998,
16699	shields,
16799	734
16899	schultz
16999	opponent
17099	occupancy
17199	openings,
17299	pointer;}.
17399	non-random
17499	hahn
17599	practices""
17699	misinterpreted
17799	""residential
17899	chooses."
17999	allen."
18099	fusion
18199	exaggeration."
18299	$16,896.
18399	ferguson,holding
18499	apology
18599	""critical
18699	suggested""
18799	""divisive
18899	mitigated
18999	endorsing
19099	'legalization
19199	sheriff's
19299	minor,
19399	house's
19499	racine
19599	sarcastically
19699	older
19799	frederica
19899	lots
19999	lifted.
20099	""invit(ed)
20199	grand-jury
20299	""efforts
20399	grants
20499	""6
20599	implements
20699	de-funding
20799	companies)
20899	""cleaver
20999	smessaert
21099	corrals.
21199	lenders,
21299	downing
21399	sclerosis.
21499	infrastructure
21599	adreans
21699	abolishing
21799	tabulate
21899	buzzed
21999	rebidding
22099	negligence.
22199	lenders.
22299	poisoned.
22399	token,
22499	""conflict-free."
22599	71
22699	unethical
22799	targets.
22899	money."
22999	number,
23099	stumped
23199	larcenies,
23299	name,
23399	"kasichs
23499	ofmore
23599	expiring
23699	leaders,
23799	interprets
23899	sheriffs,
23999	lie
24099	cycle.
24199	statistician
24299	glitches.
24399	deputy,
24499	epas
24599	hitches
24699	punch.
24799	competitors,
24899	numbers."
24999	felons,
25099	pennies
25199	installed.
25299	mercatus
25399	delauro
25499	(civilian
25599	catering
25699	every,
25799	agriculture
25899	deceive
25999	hours--was
26099	xto
26199	scope:
26299	irony
26399	scant
26499	lemieux's
26599	pro-trade
26699	undershoots
26799	snow-ice-arctic-conditions
26899	pacific,
26999	marketplace-eligible
27099	""talked
27199	s)
27299	pests
27399	policy
27499	perpetrators.
27599	winner,
27699	find:
27799	tango,
27899	670,
27999	""130,000
28099	exploration
28199	""essential""
28299	outlawed
28399	nrdc.
28499	underfunded
28599	plus
28699	occurrence.
28799	sanction,
28899	""well
28999	turner
29099	prisoners
29199	foisted
29299	southwest
29399	objective,
29499	valenzuela
29599	honesty.
29699	trujillo
29799	admittedly
29899	fraudulent
29999	threatened.
30099	systems.
30199	drivers
30299	offender
30399	possession.
30499	fe
30599	bowman
30699	retained.
30799	estate,
30899	divert
30999	programs""
31099	beliefs."
31199	""bush""
31299	self-governance
31399	medallion
31499	1,919
31599	1978-2008,
31699	align
31799	treasurys
31899	eventually
31999	stemming
32099	contributor.
32199	attended,
32299	eu,""
32399	waters.
32499	""forcing
32599	herman
32699	advanced
32799	""invented""
32899	said,""i
32999	last.
33099	destinations
33199	""taxes
33299	kewpee
33399	home-buying
33499	delve.
33599	tpc
33699	acquired
33799	up-or-down
33899	abdulmutallab
33999	cagles
34099	compares
34199	license.
34299	""that's
34399	1,600.
34499	calendar.
34599	$165
34699	overlaps
34799	corrections
34899	buono,
34999	agencies.
35099	blue,
35199	unsuccessful
35299	caev
35399	responsibility.
35499	""$10
35599	involved,
35699	flaw,
35799	pathological
35899	""permanent""
35999	muslim-american
36099	seize
36199	boned
36299	unfinished
36399	""supporting
36499	intellectual
36599	injured
36699	imply
36799	""modern
36899	""radel
36999	disprove,
37099	three-bullet
37199	vulnerable,
37299	""ducks
37399	jenney
37499	high-profile
37599	teachers'
37699	endorsement."
37799	agreements).
37899	""garretts
37999	conway
38099	irrigation
38199	passinissi
38299	definitions.
38399	index
38499	racism""
38599	outlets."
38699	ignores
38799	bear
38899	brendan
38999	panes
39099	hole,
39199	spiraling.
39299	meltdown.
39399	highest,
39499	meetings,
39599	tier,
39699	12-month
39799	sullivan's
39899	sodales
39999	gps'
40099	tattoos""
40199	porky
40299	dates
40399	rugs
40499	$223
40599	$378,239
40699	lower-turnout
40799	branchs
40899	methodically
40999	rank
41099	"state
41199	hydropower.
41299	arithmetic."
41399	now
41499	""securities
41599	alabama's
41699	strife,
41799	asked,
41899	residence
41999	""substantial
42099	footage
42199	cap-and-trade."
42299	committees,
42399	heterosexual
42499	next
42599	108
42699	koch-funded
42799	beneficiary.
42899	summarizing
42999	milestones
43099	need."
43199	crossroads,
43299	extrapolation,
43399	in-state."
43499	copay
43599	workers,""
43699	pro-israel,
43799	"coffman
43899	"nextgen
43999	intact
44099	eventually.
44199	residency
44299	write""
44399	insured.
44499	internship
44599	spewed
44699	hb2-like
44799	unitedstatesand
44899	3,100
44999	bring""
45099	surgeries
45199	posting
45299	interchanging
45399	status
45499	ranchers
45599	alfred
45699	well-paid
45799	200-plus
45899	progressively
45999	dewines
46099	manipulation.
46199	cites
46299	implantation
46399	""senseless
46499	"price,
46599	fiddle
46699	insulate
46799	cook's
46899	multiplication
46999	deaths.
47099	that""florida
47199	cantons
47299	level.
47399	continue."
47499	vodka
47599	letter,
47699	couples).
47799	intelligent
47899	$160-$400.
47999	aaau
48099	parishioners
48199	instead
48299	complicated,
48399	nathanson
48499	withdrawal
48599	lake,
48699	track.
48799	even,
48899	c+
48999	""blaming""
49099	fill-up
